{"/home/neeraj/Altcampus/Advanced-javascript/advanced-dom-and-writing-test/TA-JS-advanced-dom-and-test-TJaaan/block-BJaajc/code/index.js": {"path":"/home/neeraj/Altcampus/Advanced-javascript/advanced-dom-and-writing-test/TA-JS-advanced-dom-and-test-TJaaan/block-BJaajc/code/index.js","statementMap":{"0":{"start":{"line":10,"column":2},"end":{"line":10,"column":30}},"1":{"start":{"line":16,"column":17},"end":{"line":16,"column":30}},"2":{"start":{"line":17,"column":19},"end":{"line":17,"column":34}},"3":{"start":{"line":19,"column":17},"end":{"line":19,"column":35}},"4":{"start":{"line":20,"column":2},"end":{"line":20,"column":40}},"5":{"start":{"line":30,"column":2},"end":{"line":30,"column":42}},"6":{"start":{"line":38,"column":2},"end":{"line":38,"column":43}},"7":{"start":{"line":41,"column":0},"end":{"line":46,"column":2}}},"fnMap":{"0":{"name":"getFullName","decl":{"start":{"line":9,"column":9},"end":{"line":9,"column":20}},"loc":{"start":{"line":9,"column":42},"end":{"line":11,"column":1}},"line":9},"1":{"name":"isPalindrome","decl":{"start":{"line":15,"column":9},"end":{"line":15,"column":21}},"loc":{"start":{"line":15,"column":27},"end":{"line":21,"column":1}},"line":15},"2":{"name":"getCircumference","decl":{"start":{"line":29,"column":9},"end":{"line":29,"column":25}},"loc":{"start":{"line":29,"column":34},"end":{"line":31,"column":1}},"line":29},"3":{"name":"getArea","decl":{"start":{"line":37,"column":9},"end":{"line":37,"column":16}},"loc":{"start":{"line":37,"column":25},"end":{"line":39,"column":1}},"line":37}},"branchMap":{},"s":{"0":2,"1":2,"2":2,"3":2,"4":2,"5":2,"6":2,"7":1},"f":{"0":2,"1":2,"2":2,"3":2},"b":{},"_coverageSchema":"1a1c01bbd47fc00a2c39e90264f33305004495a9","hash":"569ee6cff49eb3d32e39b8a5e0aa0e7cdf7cf8ab"}
}
